-------------------------------------------------------------------------------
Test set: demifarquhar01.BuilderTest
-------------------------------------------------------------------------------
Tests run: 6, Failures: 2, Errors: 0, Skipped: 0, Time elapsed: 0.167 s <<< FAILURE! -- in demifarquhar01.BuilderTest
demifarquhar01.BuilderTest.testBuilderWithNullStatus -- Time elapsed: 0.008 s <<< FAILURE!
org.opentest4j.AssertionFailedError: expected: <null> but was: <Pending>
	at org.junit.jupiter.api.AssertionFailureBuilder.build(AssertionFailureBuilder.java:151)
	at org.junit.jupiter.api.AssertionFailureBuilder.buildAndThrow(AssertionFailureBuilder.java:132)
	at org.junit.jupiter.api.AssertNull.failNotNull(AssertNull.java:50)
	at org.junit.jupiter.api.AssertNull.assertNull(AssertNull.java:35)
	at org.junit.jupiter.api.AssertNull.assertNull(AssertNull.java:30)
	at org.junit.jupiter.api.Assertions.assertNull(Assertions.java:275)
	at demifarquhar01.BuilderTest.testBuilderWithNullStatus(BuilderTest.java:104)
	at java.base/java.lang.reflect.Method.invoke(Method.java:565)
	at java.base/java.util.ArrayList.forEach(ArrayList.java:1604)
	at java.base/java.util.ArrayList.forEach(ArrayList.java:1604)

demifarquhar01.BuilderTest.testEmptyStatus -- Time elapsed: 0.001 s <<< FAILURE!
org.opentest4j.AssertionFailedError: expected: <> but was: <Pending>
	at org.junit.jupiter.api.AssertionFailureBuilder.build(AssertionFailureBuilder.java:151)
	at org.junit.jupiter.api.AssertionFailureBuilder.buildAndThrow(AssertionFailureBuilder.java:132)
	at org.junit.jupiter.api.AssertEquals.failNotEqual(AssertEquals.java:197)
	at org.junit.jupiter.api.AssertEquals.assertEquals(AssertEquals.java:182)
	at org.junit.jupiter.api.AssertEquals.assertEquals(AssertEquals.java:177)
	at org.junit.jupiter.api.Assertions.assertEquals(Assertions.java:1141)
	at demifarquhar01.BuilderTest.testEmptyStatus(BuilderTest.java:88)
	at java.base/java.lang.reflect.Method.invoke(Method.java:565)
	at java.base/java.util.ArrayList.forEach(ArrayList.java:1604)
	at java.base/java.util.ArrayList.forEach(ArrayList.java:1604)

