<?xml version="1.0" encoding="UTF-8"?>
<testsuite xmlns:xsi="http://www.w3.org/2001/XMLSchema-instance" xsi:noNamespaceSchemaLocation="https://maven.apache.org/surefire/maven-surefire-plugin/xsd/surefire-test-report.xsd" name="demifarquhar01.AbstractFactoryTest" time="0.059" tests="6" errors="0" skipped="0" failures="0">
  <properties>
[...]
</properties>
  <testcase name="testCreateSalonOwner" classname="demifarquhar01.AbstractFactoryTest" time="0.01"/>
  <testcase name="testEdgeCaseEmptyEmail" classname="demifarquhar01.AbstractFactoryTest" time="0"/>
  <testcase name="testCreateNailTechnician" classname="demifarquhar01.AbstractFactoryTest" time="0"/>
  <testcase name="testCreateITAdministrator" classname="demifarquhar01.AbstractFactoryTest" time="0"/>
  <testcase name="testEdgeCaseNullPassword" classname="demifarquhar01.AbstractFactoryTest" time="0"/>
  <testcase name="testCreateClient" classname="demifarquhar01.AbstractFactoryTest" time="0"/>
</testsuite>