<?xml version="1.0" encoding="UTF-8"?>
<testsuite xmlns:xsi="http://www.w3.org/2001/XMLSchema-instance" xsi:noNamespaceSchemaLocation="https://maven.apache.org/surefire/maven-surefire-plugin/xsd/surefire-test-report-3.0.xsd" version="3.0" name="demifarquhar01.BuilderTest" time="0.151" tests="5" errors="0" skipped="0" failures="1">
  <properties>
[...]
</properties>
  <testcase name="testValidAppointmentCreation" classname="demifarquhar01.BuilderTest" time="0.089">
    <failure message="expected: &lt;Cancelled&gt; but was: &lt;Booked&gt;" type="org.opentest4j.AssertionFailedError"><![CDATA[org.opentest4j.AssertionFailedError: expected: <Cancelled> but was: <Booked>
	at org.junit.jupiter.api.AssertionFailureBuilder.build(AssertionFailureBuilder.java:151)
	at org.junit.jupiter.api.AssertionFailureBuilder.buildAndThrow(AssertionFailureBuilder.java:132)
	at org.junit.jupiter.api.AssertEquals.failNotEqual(AssertEquals.java:197)
	at org.junit.jupiter.api.AssertEquals.assertEquals(AssertEquals.java:182)
	at org.junit.jupiter.api.AssertEquals.assertEquals(AssertEquals.java:177)
	at org.junit.jupiter.api.Assertions.assertEquals(Assertions.java:1141)
	at demifarquhar01.BuilderTest.testValidAppointmentCreation(BuilderTest.java:31)
	at java.base/java.lang.reflect.Method.invoke(Method.java:565)
	at java.base/java.util.ArrayList.forEach(ArrayList.java:1604)
	at java.base/java.util.ArrayList.forEach(ArrayList.java:1604)
]]></failure>
  </testcase>
  <testcase name="testBuilderThrowsExceptionForNullAppointmentId" classname="demifarquhar01.BuilderTest" time="0.003"/>
  <testcase name="testBuilderThrowsExceptionForNullDateTime" classname="demifarquhar01.BuilderTest" time="0.002"/>
  <testcase name="testEmptyStatus" classname="demifarquhar01.BuilderTest" time="0.001"/>
  <testcase name="testNullStatus" classname="demifarquhar01.BuilderTest" time="0.002"/>
</testsuite>